Determining if the function gethrtime exists failed with the following output:
Change Dir: /Users/atman/code/pylon/nano/build/CMakeFiles/CMakeTmp

Run Build Command:"/usr/bin/make" "cmTC_12d5c/fast"
/Applications/Xcode.app/Contents/Developer/usr/bin/make -f CMakeFiles/cmTC_12d5c.dir/build.make CMakeFiles/cmTC_12d5c.dir/build
Building C object CMakeFiles/cmTC_12d5c.dir/CheckFunctionExists.c.o
/Applications/Xcode.app/Contents/Developer/Toolchains/XcodeDefault.xctoolchain/usr/bin/cc   -DCHECK_FUNCTION_EXISTS=gethrtime -isysroot /Applications/Xcode.app/Contents/Developer/Platforms/MacOSX.platform/Developer/SDKs/MacOSX10.13.sdk   -o CMakeFiles/cmTC_12d5c.dir/CheckFunctionExists.c.o   -c /usr/local/Cellar/cmake/3.10.3/share/cmake/Modules/CheckFunctionExists.c
Linking C executable cmTC_12d5c
/usr/local/Cellar/cmake/3.10.3/bin/cmake -E cmake_link_script CMakeFiles/cmTC_12d5c.dir/link.txt --verbose=1
/Applications/Xcode.app/Contents/Developer/Toolchains/XcodeDefault.xctoolchain/usr/bin/cc  -DCHECK_FUNCTION_EXISTS=gethrtime -isysroot /Applications/Xcode.app/Contents/Developer/Platforms/MacOSX.platform/Developer/SDKs/MacOSX10.13.sdk -Wl,-search_paths_first -Wl,-headerpad_max_install_names   CMakeFiles/cmTC_12d5c.dir/CheckFunctionExists.c.o  -o cmTC_12d5c 
Undefined symbols for architecture x86_64:
  "_gethrtime", referenced from:
      _main in CheckFunctionExists.c.o
ld: symbol(s) not found for architecture x86_64
clang: error: linker command failed with exit code 1 (use -v to see invocation)
make[1]: *** [cmTC_12d5c] Error 1
make: *** [cmTC_12d5c/fast] Error 2


Determining if the function eventfd exists failed with the following output:
Change Dir: /Users/atman/code/pylon/nano/build/CMakeFiles/CMakeTmp

Run Build Command:"/usr/bin/make" "cmTC_333b3/fast"
/Applications/Xcode.app/Contents/Developer/usr/bin/make -f CMakeFiles/cmTC_333b3.dir/build.make CMakeFiles/cmTC_333b3.dir/build
Building C object CMakeFiles/cmTC_333b3.dir/CheckFunctionExists.c.o
/Applications/Xcode.app/Contents/Developer/Toolchains/XcodeDefault.xctoolchain/usr/bin/cc   -DCHECK_FUNCTION_EXISTS=eventfd -isysroot /Applications/Xcode.app/Contents/Developer/Platforms/MacOSX.platform/Developer/SDKs/MacOSX10.13.sdk   -o CMakeFiles/cmTC_333b3.dir/CheckFunctionExists.c.o   -c /usr/local/Cellar/cmake/3.10.3/share/cmake/Modules/CheckFunctionExists.c
Linking C executable cmTC_333b3
/usr/local/Cellar/cmake/3.10.3/bin/cmake -E cmake_link_script CMakeFiles/cmTC_333b3.dir/link.txt --verbose=1
/Applications/Xcode.app/Contents/Developer/Toolchains/XcodeDefault.xctoolchain/usr/bin/cc  -DCHECK_FUNCTION_EXISTS=eventfd -isysroot /Applications/Xcode.app/Contents/Developer/Platforms/MacOSX.platform/Developer/SDKs/MacOSX10.13.sdk -Wl,-search_paths_first -Wl,-headerpad_max_install_names   CMakeFiles/cmTC_333b3.dir/CheckFunctionExists.c.o  -o cmTC_333b3 
Undefined symbols for architecture x86_64:
  "_eventfd", referenced from:
      _main in CheckFunctionExists.c.o
ld: symbol(s) not found for architecture x86_64
clang: error: linker command failed with exit code 1 (use -v to see invocation)
make[1]: *** [cmTC_333b3] Error 1
make: *** [cmTC_333b3/fast] Error 2


Determining if the function pipe2 exists failed with the following output:
Change Dir: /Users/atman/code/pylon/nano/build/CMakeFiles/CMakeTmp

Run Build Command:"/usr/bin/make" "cmTC_4bbce/fast"
/Applications/Xcode.app/Contents/Developer/usr/bin/make -f CMakeFiles/cmTC_4bbce.dir/build.make CMakeFiles/cmTC_4bbce.dir/build
Building C object CMakeFiles/cmTC_4bbce.dir/CheckFunctionExists.c.o
/Applications/Xcode.app/Contents/Developer/Toolchains/XcodeDefault.xctoolchain/usr/bin/cc   -DCHECK_FUNCTION_EXISTS=pipe2 -isysroot /Applications/Xcode.app/Contents/Developer/Platforms/MacOSX.platform/Developer/SDKs/MacOSX10.13.sdk   -o CMakeFiles/cmTC_4bbce.dir/CheckFunctionExists.c.o   -c /usr/local/Cellar/cmake/3.10.3/share/cmake/Modules/CheckFunctionExists.c
Linking C executable cmTC_4bbce
/usr/local/Cellar/cmake/3.10.3/bin/cmake -E cmake_link_script CMakeFiles/cmTC_4bbce.dir/link.txt --verbose=1
/Applications/Xcode.app/Contents/Developer/Toolchains/XcodeDefault.xctoolchain/usr/bin/cc  -DCHECK_FUNCTION_EXISTS=pipe2 -isysroot /Applications/Xcode.app/Contents/Developer/Platforms/MacOSX.platform/Developer/SDKs/MacOSX10.13.sdk -Wl,-search_paths_first -Wl,-headerpad_max_install_names   CMakeFiles/cmTC_4bbce.dir/CheckFunctionExists.c.o  -o cmTC_4bbce 
Undefined symbols for architecture x86_64:
  "_pipe2", referenced from:
      _main in CheckFunctionExists.c.o
ld: symbol(s) not found for architecture x86_64
clang: error: linker command failed with exit code 1 (use -v to see invocation)
make[1]: *** [cmTC_4bbce] Error 1
make: *** [cmTC_4bbce/fast] Error 2


Determining if the function accept4 exists failed with the following output:
Change Dir: /Users/atman/code/pylon/nano/build/CMakeFiles/CMakeTmp

Run Build Command:"/usr/bin/make" "cmTC_f0e79/fast"
/Applications/Xcode.app/Contents/Developer/usr/bin/make -f CMakeFiles/cmTC_f0e79.dir/build.make CMakeFiles/cmTC_f0e79.dir/build
Building C object CMakeFiles/cmTC_f0e79.dir/CheckFunctionExists.c.o
/Applications/Xcode.app/Contents/Developer/Toolchains/XcodeDefault.xctoolchain/usr/bin/cc   -DCHECK_FUNCTION_EXISTS=accept4 -isysroot /Applications/Xcode.app/Contents/Developer/Platforms/MacOSX.platform/Developer/SDKs/MacOSX10.13.sdk   -o CMakeFiles/cmTC_f0e79.dir/CheckFunctionExists.c.o   -c /usr/local/Cellar/cmake/3.10.3/share/cmake/Modules/CheckFunctionExists.c
Linking C executable cmTC_f0e79
/usr/local/Cellar/cmake/3.10.3/bin/cmake -E cmake_link_script CMakeFiles/cmTC_f0e79.dir/link.txt --verbose=1
/Applications/Xcode.app/Contents/Developer/Toolchains/XcodeDefault.xctoolchain/usr/bin/cc  -DCHECK_FUNCTION_EXISTS=accept4 -isysroot /Applications/Xcode.app/Contents/Developer/Platforms/MacOSX.platform/Developer/SDKs/MacOSX10.13.sdk -Wl,-search_paths_first -Wl,-headerpad_max_install_names   CMakeFiles/cmTC_f0e79.dir/CheckFunctionExists.c.o  -o cmTC_f0e79 
Undefined symbols for architecture x86_64:
  "_accept4", referenced from:
      _main in CheckFunctionExists.c.o
ld: symbol(s) not found for architecture x86_64
clang: error: linker command failed with exit code 1 (use -v to see invocation)
make[1]: *** [cmTC_f0e79] Error 1
make: *** [cmTC_f0e79/fast] Error 2


Determining if the function epoll_create exists failed with the following output:
Change Dir: /Users/atman/code/pylon/nano/build/CMakeFiles/CMakeTmp

Run Build Command:"/usr/bin/make" "cmTC_eb0b0/fast"
/Applications/Xcode.app/Contents/Developer/usr/bin/make -f CMakeFiles/cmTC_eb0b0.dir/build.make CMakeFiles/cmTC_eb0b0.dir/build
Building C object CMakeFiles/cmTC_eb0b0.dir/CheckFunctionExists.c.o
/Applications/Xcode.app/Contents/Developer/Toolchains/XcodeDefault.xctoolchain/usr/bin/cc   -DCHECK_FUNCTION_EXISTS=epoll_create -isysroot /Applications/Xcode.app/Contents/Developer/Platforms/MacOSX.platform/Developer/SDKs/MacOSX10.13.sdk   -o CMakeFiles/cmTC_eb0b0.dir/CheckFunctionExists.c.o   -c /usr/local/Cellar/cmake/3.10.3/share/cmake/Modules/CheckFunctionExists.c
Linking C executable cmTC_eb0b0
/usr/local/Cellar/cmake/3.10.3/bin/cmake -E cmake_link_script CMakeFiles/cmTC_eb0b0.dir/link.txt --verbose=1
/Applications/Xcode.app/Contents/Developer/Toolchains/XcodeDefault.xctoolchain/usr/bin/cc  -DCHECK_FUNCTION_EXISTS=epoll_create -isysroot /Applications/Xcode.app/Contents/Developer/Platforms/MacOSX.platform/Developer/SDKs/MacOSX10.13.sdk -Wl,-search_paths_first -Wl,-headerpad_max_install_names   CMakeFiles/cmTC_eb0b0.dir/CheckFunctionExists.c.o  -o cmTC_eb0b0 
Undefined symbols for architecture x86_64:
  "_epoll_create", referenced from:
      _main in CheckFunctionExists.c.o
ld: symbol(s) not found for architecture x86_64
clang: error: linker command failed with exit code 1 (use -v to see invocation)
make[1]: *** [cmTC_eb0b0] Error 1
make: *** [cmTC_eb0b0/fast] Error 2


Determining if the function getaddrinfo_a exists in the anl failed with the following output:
Change Dir: /Users/atman/code/pylon/nano/build/CMakeFiles/CMakeTmp

Run Build Command:"/usr/bin/make" "cmTC_c93cc/fast"
/Applications/Xcode.app/Contents/Developer/usr/bin/make -f CMakeFiles/cmTC_c93cc.dir/build.make CMakeFiles/cmTC_c93cc.dir/build
Building C object CMakeFiles/cmTC_c93cc.dir/CheckFunctionExists.c.o
/Applications/Xcode.app/Contents/Developer/Toolchains/XcodeDefault.xctoolchain/usr/bin/cc   -DCHECK_FUNCTION_EXISTS=getaddrinfo_a -isysroot /Applications/Xcode.app/Contents/Developer/Platforms/MacOSX.platform/Developer/SDKs/MacOSX10.13.sdk   -o CMakeFiles/cmTC_c93cc.dir/CheckFunctionExists.c.o   -c /usr/local/Cellar/cmake/3.10.3/share/cmake/Modules/CheckFunctionExists.c
Linking C executable cmTC_c93cc
/usr/local/Cellar/cmake/3.10.3/bin/cmake -E cmake_link_script CMakeFiles/cmTC_c93cc.dir/link.txt --verbose=1
/Applications/Xcode.app/Contents/Developer/Toolchains/XcodeDefault.xctoolchain/usr/bin/cc  -DCHECK_FUNCTION_EXISTS=getaddrinfo_a -isysroot /Applications/Xcode.app/Contents/Developer/Platforms/MacOSX.platform/Developer/SDKs/MacOSX10.13.sdk -Wl,-search_paths_first -Wl,-headerpad_max_install_names   CMakeFiles/cmTC_c93cc.dir/CheckFunctionExists.c.o  -o cmTC_c93cc -lanl 
ld: library not found for -lanl
clang: error: linker command failed with exit code 1 (use -v to see invocation)
make[1]: *** [cmTC_c93cc] Error 1
make: *** [cmTC_c93cc/fast] Error 2


Determining if the function clock_gettime exists in the rt failed with the following output:
Change Dir: /Users/atman/code/pylon/nano/build/CMakeFiles/CMakeTmp

Run Build Command:"/usr/bin/make" "cmTC_61c31/fast"
/Applications/Xcode.app/Contents/Developer/usr/bin/make -f CMakeFiles/cmTC_61c31.dir/build.make CMakeFiles/cmTC_61c31.dir/build
Building C object CMakeFiles/cmTC_61c31.dir/CheckFunctionExists.c.o
/Applications/Xcode.app/Contents/Developer/Toolchains/XcodeDefault.xctoolchain/usr/bin/cc   -DCHECK_FUNCTION_EXISTS=clock_gettime -isysroot /Applications/Xcode.app/Contents/Developer/Platforms/MacOSX.platform/Developer/SDKs/MacOSX10.13.sdk   -o CMakeFiles/cmTC_61c31.dir/CheckFunctionExists.c.o   -c /usr/local/Cellar/cmake/3.10.3/share/cmake/Modules/CheckFunctionExists.c
Linking C executable cmTC_61c31
/usr/local/Cellar/cmake/3.10.3/bin/cmake -E cmake_link_script CMakeFiles/cmTC_61c31.dir/link.txt --verbose=1
/Applications/Xcode.app/Contents/Developer/Toolchains/XcodeDefault.xctoolchain/usr/bin/cc  -DCHECK_FUNCTION_EXISTS=clock_gettime -isysroot /Applications/Xcode.app/Contents/Developer/Platforms/MacOSX.platform/Developer/SDKs/MacOSX10.13.sdk -Wl,-search_paths_first -Wl,-headerpad_max_install_names   CMakeFiles/cmTC_61c31.dir/CheckFunctionExists.c.o  -o cmTC_61c31 -lrt 
ld: library not found for -lrt
clang: error: linker command failed with exit code 1 (use -v to see invocation)
make[1]: *** [cmTC_61c31] Error 1
make: *** [cmTC_61c31/fast] Error 2


Determining if the function sem_wait exists in the rt failed with the following output:
Change Dir: /Users/atman/code/pylon/nano/build/CMakeFiles/CMakeTmp

Run Build Command:"/usr/bin/make" "cmTC_c2c3f/fast"
/Applications/Xcode.app/Contents/Developer/usr/bin/make -f CMakeFiles/cmTC_c2c3f.dir/build.make CMakeFiles/cmTC_c2c3f.dir/build
Building C object CMakeFiles/cmTC_c2c3f.dir/CheckFunctionExists.c.o
/Applications/Xcode.app/Contents/Developer/Toolchains/XcodeDefault.xctoolchain/usr/bin/cc   -DCHECK_FUNCTION_EXISTS=sem_wait -isysroot /Applications/Xcode.app/Contents/Developer/Platforms/MacOSX.platform/Developer/SDKs/MacOSX10.13.sdk   -o CMakeFiles/cmTC_c2c3f.dir/CheckFunctionExists.c.o   -c /usr/local/Cellar/cmake/3.10.3/share/cmake/Modules/CheckFunctionExists.c
Linking C executable cmTC_c2c3f
/usr/local/Cellar/cmake/3.10.3/bin/cmake -E cmake_link_script CMakeFiles/cmTC_c2c3f.dir/link.txt --verbose=1
/Applications/Xcode.app/Contents/Developer/Toolchains/XcodeDefault.xctoolchain/usr/bin/cc  -DCHECK_FUNCTION_EXISTS=sem_wait -isysroot /Applications/Xcode.app/Contents/Developer/Platforms/MacOSX.platform/Developer/SDKs/MacOSX10.13.sdk -Wl,-search_paths_first -Wl,-headerpad_max_install_names   CMakeFiles/cmTC_c2c3f.dir/CheckFunctionExists.c.o  -o cmTC_c2c3f -lrt 
ld: library not found for -lrt
clang: error: linker command failed with exit code 1 (use -v to see invocation)
make[1]: *** [cmTC_c2c3f] Error 1
make: *** [cmTC_c2c3f/fast] Error 2


Determining if the function gethostbyname exists in the nsl failed with the following output:
Change Dir: /Users/atman/code/pylon/nano/build/CMakeFiles/CMakeTmp

Run Build Command:"/usr/bin/make" "cmTC_14e1c/fast"
/Applications/Xcode.app/Contents/Developer/usr/bin/make -f CMakeFiles/cmTC_14e1c.dir/build.make CMakeFiles/cmTC_14e1c.dir/build
Building C object CMakeFiles/cmTC_14e1c.dir/CheckFunctionExists.c.o
/Applications/Xcode.app/Contents/Developer/Toolchains/XcodeDefault.xctoolchain/usr/bin/cc   -DCHECK_FUNCTION_EXISTS=gethostbyname -isysroot /Applications/Xcode.app/Contents/Developer/Platforms/MacOSX.platform/Developer/SDKs/MacOSX10.13.sdk   -o CMakeFiles/cmTC_14e1c.dir/CheckFunctionExists.c.o   -c /usr/local/Cellar/cmake/3.10.3/share/cmake/Modules/CheckFunctionExists.c
Linking C executable cmTC_14e1c
/usr/local/Cellar/cmake/3.10.3/bin/cmake -E cmake_link_script CMakeFiles/cmTC_14e1c.dir/link.txt --verbose=1
/Applications/Xcode.app/Contents/Developer/Toolchains/XcodeDefault.xctoolchain/usr/bin/cc  -DCHECK_FUNCTION_EXISTS=gethostbyname -isysroot /Applications/Xcode.app/Contents/Developer/Platforms/MacOSX.platform/Developer/SDKs/MacOSX10.13.sdk -Wl,-search_paths_first -Wl,-headerpad_max_install_names   CMakeFiles/cmTC_14e1c.dir/CheckFunctionExists.c.o  -o cmTC_14e1c -lnsl 
ld: library not found for -lnsl
clang: error: linker command failed with exit code 1 (use -v to see invocation)
make[1]: *** [cmTC_14e1c] Error 1
make: *** [cmTC_14e1c/fast] Error 2


Determining if the function socket exists in the socket failed with the following output:
Change Dir: /Users/atman/code/pylon/nano/build/CMakeFiles/CMakeTmp

Run Build Command:"/usr/bin/make" "cmTC_94a0b/fast"
/Applications/Xcode.app/Contents/Developer/usr/bin/make -f CMakeFiles/cmTC_94a0b.dir/build.make CMakeFiles/cmTC_94a0b.dir/build
Building C object CMakeFiles/cmTC_94a0b.dir/CheckFunctionExists.c.o
/Applications/Xcode.app/Contents/Developer/Toolchains/XcodeDefault.xctoolchain/usr/bin/cc   -DCHECK_FUNCTION_EXISTS=socket -isysroot /Applications/Xcode.app/Contents/Developer/Platforms/MacOSX.platform/Developer/SDKs/MacOSX10.13.sdk   -o CMakeFiles/cmTC_94a0b.dir/CheckFunctionExists.c.o   -c /usr/local/Cellar/cmake/3.10.3/share/cmake/Modules/CheckFunctionExists.c
Linking C executable cmTC_94a0b
/usr/local/Cellar/cmake/3.10.3/bin/cmake -E cmake_link_script CMakeFiles/cmTC_94a0b.dir/link.txt --verbose=1
/Applications/Xcode.app/Contents/Developer/Toolchains/XcodeDefault.xctoolchain/usr/bin/cc  -DCHECK_FUNCTION_EXISTS=socket -isysroot /Applications/Xcode.app/Contents/Developer/Platforms/MacOSX.platform/Developer/SDKs/MacOSX10.13.sdk -Wl,-search_paths_first -Wl,-headerpad_max_install_names   CMakeFiles/cmTC_94a0b.dir/CheckFunctionExists.c.o  -o cmTC_94a0b -lsocket 
ld: library not found for -lsocket
clang: error: linker command failed with exit code 1 (use -v to see invocation)
make[1]: *** [cmTC_94a0b] Error 1
make: *** [cmTC_94a0b/fast] Error 2


Determining if the atomic_cas_32 exist failed with the following output:
Change Dir: /Users/atman/code/pylon/nano/build/CMakeFiles/CMakeTmp

Run Build Command:"/usr/bin/make" "cmTC_03d02/fast"
/Applications/Xcode.app/Contents/Developer/usr/bin/make -f CMakeFiles/cmTC_03d02.dir/build.make CMakeFiles/cmTC_03d02.dir/build
Building C object CMakeFiles/cmTC_03d02.dir/CheckSymbolExists.c.o
/Applications/Xcode.app/Contents/Developer/Toolchains/XcodeDefault.xctoolchain/usr/bin/cc   -isysroot /Applications/Xcode.app/Contents/Developer/Platforms/MacOSX.platform/Developer/SDKs/MacOSX10.13.sdk   -o CMakeFiles/cmTC_03d02.dir/CheckSymbolExists.c.o   -c /Users/atman/code/pylon/nano/build/CMakeFiles/CMakeTmp/CheckSymbolExists.c
/Users/atman/code/pylon/nano/build/CMakeFiles/CMakeTmp/CheckSymbolExists.c:2:10: fatal error: 'atomic.h' file not found
#include <atomic.h>
         ^~~~~~~~~~
1 error generated.
make[1]: *** [CMakeFiles/cmTC_03d02.dir/CheckSymbolExists.c.o] Error 1
make: *** [cmTC_03d02/fast] Error 2

File /Users/atman/code/pylon/nano/build/CMakeFiles/CMakeTmp/CheckSymbolExists.c:
/* */
#include <atomic.h>

int main(int argc, char** argv)
{
  (void)argv;
#ifndef atomic_cas_32
  return ((int*)(&atomic_cas_32))[argc];
#else
  (void)argc;
  return 0;
#endif
}

